-> GET /sso/Login?forwardTo=22&RL=1&ip2loc=US
<- 200 GET /sso/Login?forwardTo=22&RL=1&ip2loc=US
-> GET /css/bootstrap-5.2.2/bootstrap.min.css
<- 200 GET /css/bootstrap-5.2.2/bootstrap.min.css
-> GET /css/ibkr/theme-ibkr-portal.min.css
-> GET /css/fontawesome-6.2.0/all.min.css
-> GET /css/reg-am/login.min.css
-> GET /scripts/common/js/bootstrap-5.2.2/bootstrap.bundle.min.js
-> GET /sso/lib/xyz.bundle.min.js
-> GET /scripts/common/js/jquery-3.7.0/jquery.min.js
<- 200 GET /css/fontawesome-6.2.0/all.min.css
<- 200 GET /css/ibkr/theme-ibkr-portal.min.css
-> GET /images/2015/btn-app-apple.png
<- 200 GET /scripts/common/js/bootstrap-5.2.2/bootstrap.bundle.min.js
-> GET /images/2015/btn-app-google.png
<- 200 GET /scripts/common/js/jquery-3.7.0/jquery.min.js
<- 200 GET /sso/lib/xyz.bundle.min.js
<- 200 GET /images/2015/btn-app-apple.png
<- 200 GET /css/reg-am/login.min.css
-> GET /images/2015/btn-app-tws.png
<- 200 GET /images/2015/btn-app-google.png
-> GET /images/2015/button_discover_apis.png
<- 200 GET /images/2015/btn-app-tws.png
<- 200 GET /images/2015/button_discover_apis.png
-> GET /images/common/logos/ibkr/interactive-brokers.svg
<- 200 GET /images/common/logos/ibkr/interactive-brokers.svg
-> GET /fonts/proxima-nova/Proxima-Nova-Semibold.woff2
-> GET /fonts/proxima-nova/Proxima-Nova-Regular.woff2
-> GET /fonts/proxima-nova/Proxima-Nova-Light.woff2
-> GET /fonts/fontawesome-6.4.2/webfonts/fa-solid-900.woff2
-> POST /portal.proxy/v1/gstat/bulletins
-> GET /sso/images/2fa-animated-once.gif
<- 200 GET /fonts/proxima-nova/Proxima-Nova-Semibold.woff2
<- 200 GET /fonts/proxima-nova/Proxima-Nova-Regular.woff2
<- 200 GET /fonts/proxima-nova/Proxima-Nova-Light.woff2
<- 200 GET /fonts/fontawesome-6.4.2/webfonts/fa-solid-900.woff2
<- 200 GET /sso/images/2fa-animated-once.gif
<- 204 POST /portal.proxy/v1/gstat/bulletins
-> POST /sso/Authenticator
<- 200 POST /sso/Authenticator
-> POST /sso/Authenticator
<- 200 POST /sso/Authenticator
-> POST /sso/Dispatcher
<- 200 POST /sso/Dispatcher
-> GET /css/reg-am/login.min.css
<- 304 GET /css/reg-am/login.min.css
-> GET /css/ibkr/theme-ibkr-portal.min.css
-> GET /scripts/common/js/jquery-3.7.0/jquery.min.js
-> GET /scripts/common/js/bootstrap-5.2.2/bootstrap.bundle.min.js
-> GET /sso/lib/xyz.bundle.min.js
<- 304 GET /scripts/common/js/jquery-3.7.0/jquery.min.js
<- 304 GET /scripts/common/js/bootstrap-5.2.2/bootstrap.bundle.min.js
<- 304 GET /css/ibkr/theme-ibkr-portal.min.css
<- 304 GET /sso/lib/xyz.bundle.min.js
-> POST /portal.proxy/v1/gstat/bulletins
<- 204 POST /portal.proxy/v1/gstat/bulletins
-> POST /sso/Authenticator
<- 200 POST /sso/Authenticator
-> POST /sso/Authenticator
<- 200 POST /sso/Authenticator
-> POST /sso/Dispatcher
<- 302 POST /sso/Dispatcher
-> request: /v1/api/sso/validate?gw=1
-> GET /v1/api/sso/validate?gw=1,200|189ms
-> request: /v1/api/one/user
-> request: /v1/api/ssodh/init
-> sso GET https://api.ibkr.com/v1/api/ssodh/init
-> request: /v1/api/ssodh/st
-> sso GET https://api.ibkr.com/v1/api/ssodh/st
-> GET /v1/api/one/user,200|4470ms
-> request: /v1/api/iserver/auth/status
-> GET /v1/api/iserver/auth/status,200|62ms
-> request: /v1/api/iserver/auth/ssodh/init
-> POST https://api.ibkr.com/v1/api/iserver/auth/ssodh/init,200|1987ms
-> request: /v1/api/iserver/accounts
-> GET /v1/api/iserver/accounts,200|57ms
-> GET /v1/api//tickle
<- 200 GET /v1/api//tickle
-> GET /v1/api/iserver/auth/status
<- 200 GET /v1/api/iserver/auth/status
-> request: /v1/api/tickle
-> GET /v1/api/tickle,200|70ms
-> POST /v1/api//iserver/secdef/search
<- 200 POST /v1/api//iserver/secdef/search
-> GET /v1/api//iserver/secdef/info?conid=825711&secType=FUT&month=SEP24&exchange=EUREX
<- 200 GET /v1/api//iserver/secdef/info?conid=825711&secType=FUT&month=SEP24&exchange=EUREX
-> request: /v1/api/tickle
-> GET /v1/api/tickle,200|55ms
-> GET /v1/api//iserver/secdef/strikes?conid=825711&secType=OPT&month=JUL24&exchange=EUREX
<- 200 GET /v1/api//iserver/secdef/strikes?conid=825711&secType=OPT&month=JUL24&exchange=EUREX
-> GET /v1/api//tickle
<- 200 GET /v1/api//tickle
-> GET /v1/api/iserver/auth/status
<- 200 GET /v1/api/iserver/auth/status
-> GET /v1/api//iserver/secdef/info?conid=825711&secType=OPT&month=JUL24&exchange=EUREX&strike=18150.0&right=P
<- 200 GET /v1/api//iserver/secdef/info?conid=825711&secType=OPT&month=JUL24&exchange=EUREX&strike=18150.0&right=P
-> request: /v1/api/tickle
-> GET /v1/api/tickle,200|50ms
-> request: /v1/api/tickle
-> GET /v1/api/tickle,200|141ms
-> GET /v1/api//hmds/history?conid=540729681&period=1d&bar=1hrs&outsideRth=true&barType=Last
<- 404 GET /v1/api//hmds/history?conid=540729681&period=1d&bar=1hrs&outsideRth=true&barType=Last
-> GET /v1/api//tickle
<- 200 GET /v1/api//tickle
-> GET /v1/api/iserver/auth/status
<- 200 GET /v1/api/iserver/auth/status
-> GET /v1/api//hmds/history?conid=540729681&period=1d&bar=1hrs&outsideRth=true&barType=Last
<- 500 GET /v1/api//hmds/history?conid=540729681&period=1d&bar=1hrs&outsideRth=true&barType=Last
-> request: /v1/api/tickle
-> GET /v1/api/tickle,200|173ms
-> GET /v1/api//hmds/history?conid=549681&period=1d&bar=1hrs&outsideRth=true&barType=Last
<- 500 GET /v1/api//hmds/history?conid=549681&period=1d&bar=1hrs&outsideRth=true&barType=Last
-> request: /v1/api/tickle
-> GET /v1/api/tickle,200|91ms
-> GET /v1/api//tickle
<- 200 GET /v1/api//tickle
-> GET /v1/api/iserver/auth/status
<- 200 GET /v1/api/iserver/auth/status
-> request: /v1/api/tickle
-> GET /v1/api/tickle,200|100ms
-> GET /v1/api//hmds/history?conid=673277361&period=1d&bar=1hrs&outsideRth=true&barType=Last
<- 500 GET /v1/api//hmds/history?conid=673277361&period=1d&bar=1hrs&outsideRth=true&barType=Last
-> GET /v1/api//hmds/history?conid=673277361&period=1d&bar=1hrs&outsideRth=true&barType=Last
<- 500 GET /v1/api//hmds/history?conid=673277361&period=1d&bar=1hrs&outsideRth=true&barType=Last
-> request: /v1/api/tickle
-> GET /v1/api/tickle,200|78ms
-> GET /v1/api//hmds/history?conid=825711&period=1d&bar=1hrs&outsideRth=true&barType=Last
<- 500 GET /v1/api//hmds/history?conid=825711&period=1d&bar=1hrs&outsideRth=true&barType=Last
-> GET /v1/api//tickle
<- 200 GET /v1/api//tickle
-> GET /v1/api/iserver/auth/status
<- 200 GET /v1/api/iserver/auth/status
-> request: /v1/api/tickle
-> GET /v1/api/tickle,200|63ms
-> GET /v1/api//hmds/history?conid=825711&period=1d&bar=1hrs&outsideRth=true&barType=Last
<- 500 GET /v1/api//hmds/history?conid=825711&period=1d&bar=1hrs&outsideRth=true&barType=Last
-> request: /sso/ping
-> GET /sso/ping,200|234ms
-> GET /v1/api//hmds/history?conid=540729681&period=1m&bar=1d&outsideRth=true&barType=Last
<- 500 GET /v1/api//hmds/history?conid=540729681&period=1m&bar=1d&outsideRth=true&barType=Last
-> GET /v1/api//hmds/history?conid=540729681&period=1m&bar=1d&outsideRth=true&barType=Last
<- 500 GET /v1/api//hmds/history?conid=540729681&period=1m&bar=1d&outsideRth=true&barType=Last
-> request: /v1/api/tickle
-> GET /v1/api/tickle,200|50ms
-> GET /v1/api//tickle
<- 200 GET /v1/api//tickle
-> GET /v1/api/iserver/auth/status
<- 200 GET /v1/api/iserver/auth/status
-> request: /v1/api/tickle
-> GET /v1/api/tickle,200|189ms
-> request: /v1/api/tickle
-> GET /v1/api/tickle,200|69ms
-> GET /v1/api//tickle
<- 200 GET /v1/api//tickle
-> GET /v1/api/iserver/auth/status
<- 200 GET /v1/api/iserver/auth/status
-> GET /v1/api//hmds/history?conid=265598&period=1d&bar=1hrs&outsideRth=true&barType=Last
<- 500 GET /v1/api//hmds/history?conid=265598&period=1d&bar=1hrs&outsideRth=true&barType=Last
-> GET /v1/api//hmds/history?conid=265598&period=1d&bar=1hrs&outsideRth=true&barType=Last
<- 500 GET /v1/api//hmds/history?conid=265598&period=1d&bar=1hrs&outsideRth=true&barType=Last
-> request: /v1/api/tickle
-> GET /v1/api/tickle,200|71ms
-> request: /v1/api/tickle
-> GET /v1/api/tickle,200|164ms
-> GET /v1/api//tickle
<- 200 GET /v1/api//tickle
-> GET /v1/api/iserver/auth/status
<- 200 GET /v1/api/iserver/auth/status
-> request: /v1/api/tickle
-> GET /v1/api/tickle,200|163ms
-> request: /v1/api/tickle
-> GET /v1/api/tickle,200|81ms
-> GET /v1/api//tickle
<- 200 GET /v1/api//tickle
-> GET /v1/api/iserver/auth/status
<- 200 GET /v1/api/iserver/auth/status
-> request: /v1/api/tickle
-> GET /v1/api/tickle,200|170ms
-> request: /v1/api/tickle
-> GET /v1/api/tickle,200|87ms
-> GET /v1/api//tickle
<- 200 GET /v1/api//tickle
-> GET /v1/api/iserver/auth/status
<- 200 GET /v1/api/iserver/auth/status
-> request: /v1/api/tickle
-> GET /v1/api/tickle,200|61ms
-> request: /sso/ping
-> GET /sso/ping,200|341ms
-> request: /v1/api/tickle
-> GET /v1/api/tickle,200|68ms
-> GET /v1/api//tickle
<- 200 GET /v1/api//tickle
-> GET /v1/api/iserver/auth/status
<- 200 GET /v1/api/iserver/auth/status
-> request: /v1/api/tickle
-> GET /v1/api/tickle,200|59ms
-> request: /v1/api/tickle
-> GET /v1/api/tickle,200|57ms
-> GET /v1/api//tickle
<- 200 GET /v1/api//tickle
-> GET /v1/api/iserver/auth/status
<- 200 GET /v1/api/iserver/auth/status
-> request: /v1/api/tickle
-> GET /v1/api/tickle,200|62ms
-> request: /v1/api/tickle
-> GET /v1/api/tickle,200|58ms
-> GET /v1/api//tickle
<- 200 GET /v1/api//tickle
-> GET /v1/api/iserver/auth/status
<- 200 GET /v1/api/iserver/auth/status
-> request: /v1/api/tickle
-> GET /v1/api/tickle,200|77ms
-> request: /v1/api/tickle
-> GET /v1/api/tickle,200|56ms
-> GET /v1/api//tickle
<- 200 GET /v1/api//tickle
-> GET /v1/api/iserver/auth/status
<- 200 GET /v1/api/iserver/auth/status
-> request: /v1/api/tickle
-> GET /v1/api/tickle,200|55ms
-> request: /v1/api/tickle
-> GET /v1/api/tickle,200|73ms
-> GET /v1/api//tickle
<- 200 GET /v1/api//tickle
-> GET /v1/api/iserver/auth/status
<- 200 GET /v1/api/iserver/auth/status
-> request: /v1/api/tickle
-> GET /v1/api/tickle,200|99ms
-> request: /sso/ping
-> GET /sso/ping,200|277ms
-> request: /v1/api/tickle
-> GET /v1/api/tickle,200|59ms
-> GET /v1/api//tickle
<- 200 GET /v1/api//tickle
-> GET /v1/api/iserver/auth/status
<- 200 GET /v1/api/iserver/auth/status
-> request: /v1/api/tickle
-> GET /v1/api/tickle,200|65ms
-> request: /v1/api/tickle
-> GET /v1/api//tickle
-> request: /v1/api/tickle
-> GET /v1/api/tickle,200|329ms
-> GET /sso/Login?forwardTo=22&RL=1&ip2loc=US
<- 200 GET /sso/Login?forwardTo=22&RL=1&ip2loc=US
-> GET /css/bootstrap-5.2.2/bootstrap.min.css
-> GET /css/ibkr/theme-ibkr-portal.min.css
-> GET /css/fontawesome-6.2.0/all.min.css
-> GET /css/reg-am/login.min.css
<- 200 GET /css/bootstrap-5.2.2/bootstrap.min.css
-> GET /scripts/common/js/bootstrap-5.2.2/bootstrap.bundle.min.js
-> GET /sso/lib/xyz.bundle.min.js
-> GET /scripts/common/js/jquery-3.7.0/jquery.min.js
<- 200 GET /scripts/common/js/bootstrap-5.2.2/bootstrap.bundle.min.js
-> GET /images/2015/btn-app-apple.png
<- 200 GET /css/fontawesome-6.2.0/all.min.css
<- 200 GET /scripts/common/js/jquery-3.7.0/jquery.min.js
-> GET /images/2015/btn-app-google.png
<- 200 GET /css/ibkr/theme-ibkr-portal.min.css
<- 200 GET /images/2015/btn-app-apple.png
<- 200 GET /css/reg-am/login.min.css
<- 200 GET /images/2015/btn-app-google.png
-> GET /images/2015/btn-app-tws.png
-> GET /images/2015/button_discover_apis.png
<- 200 GET /sso/lib/xyz.bundle.min.js
<- 200 GET /images/2015/btn-app-tws.png
<- 200 GET /images/2015/button_discover_apis.png
-> GET /images/common/logos/ibkr/interactive-brokers.svg
-> GET /fonts/proxima-nova/Proxima-Nova-Light.woff2
-> GET /fonts/proxima-nova/Proxima-Nova-Regular.woff2
-> GET /fonts/proxima-nova/Proxima-Nova-Semibold.woff2
<- 200 GET /images/common/logos/ibkr/interactive-brokers.svg
-> GET /fonts/fontawesome-6.4.2/webfonts/fa-solid-900.woff2
-> POST /portal.proxy/v1/gstat/bulletins
-> GET /sso/images/2fa-animated-once.gif
<- 200 GET /fonts/fontawesome-6.4.2/webfonts/fa-solid-900.woff2
<- 200 GET /fonts/proxima-nova/Proxima-Nova-Regular.woff2
<- 200 GET /fonts/proxima-nova/Proxima-Nova-Light.woff2
<- 200 GET /fonts/proxima-nova/Proxima-Nova-Semibold.woff2
<- 200 GET /sso/images/2fa-animated-once.gif
<- 204 POST /portal.proxy/v1/gstat/bulletins
-> POST /sso/Authenticator
<- 200 POST /sso/Authenticator
-> POST /sso/Authenticator
<- 200 POST /sso/Authenticator
-> POST /sso/Dispatcher
<- 302 POST /sso/Dispatcher
-> request: /v1/api/sso/validate?gw=1
-> GET /v1/api/sso/validate?gw=1,200|165ms
-> request: /v1/api/one/user
-> request: /v1/api/ssodh/init
-> sso GET https://api.ibkr.com/v1/api/ssodh/init
-> GET /v1/api/one/user,200|89ms
-> request: /v1/api/ssodh/st
-> sso GET https://api.ibkr.com/v1/api/ssodh/st
-> request: /sso/Authenticator?ACTION=PUBLISH_TST&RESP_TYPE=JSON&DEVICE_ID=246a47ad|A8-8F-D9-59-42-EF
-> sso GET https://api.ibkr.com/sso/Authenticator?ACTION=PUBLISH_TST&RESP_TYPE=JSON&DEVICE_ID=246a47ad|A8-8F-D9-59-42-EF
<- 200 GET https://api.ibkr.com/sso/Authenticator?ACTION=PUBLISH_TST&RESP_TYPE=JSON&DEVICE_ID=246a47ad|A8-8F-D9-59-42-EF 0
-> GET /v1/api//tickle
<- 200 GET /v1/api//tickle
-> GET /v1/api/iserver/auth/status
<- 200 GET /v1/api/iserver/auth/status
-> request: /v1/api/iserver/auth/status
-> GET /v1/api/iserver/auth/status,200|271ms
-> request: /v1/api/iserver/accounts
-> GET /v1/api/iserver/accounts,200|51ms
-> GET /v1/api//iserver/secdef/info?conid=825711&secType=FUT&month=SEP24&exchange=EUREX
<- 200 GET /v1/api//iserver/secdef/info?conid=825711&secType=FUT&month=SEP24&exchange=EUREX
-> request: /v1/api/tickle
-> GET /v1/api/tickle,200|64ms
-> GET /v1/api/iserver/marketdata/snapshot?conids=540729681,673277361,540729524&fields=7295,7296,70,71,87
<- 200 GET /v1/api/iserver/marketdata/snapshot?conids=540729681,673277361,540729524&fields=7295,7296,70,71,87
-> GET /v1/api/iserver/marketdata/snapshot?conids=540729681,673277361,540729524&fields=7295,7296,70,71,87
<- 200 GET /v1/api/iserver/marketdata/snapshot?conids=540729681,673277361,540729524&fields=7295,7296,70,71,87
-> GET /v1/api//hmds/history?conid=265598&period=1d&bar=1hrs&outsideRth=true&barType=Last
<- 404 GET /v1/api//hmds/history?conid=265598&period=1d&bar=1hrs&outsideRth=true&barType=Last
-> GET /v1/api//tickle
<- 200 GET /v1/api//tickle
-> GET /v1/api/iserver/auth/status
<- 200 GET /v1/api/iserver/auth/status
-> request: /v1/api/tickle
-> GET /v1/api/tickle,200|87ms
-> GET /v1/api//hmds/history?conid=265598&period=1d&bar=1hrs&outsideRth=true&barType=Last
<- 500 GET /v1/api//hmds/history?conid=265598&period=1d&bar=1hrs&outsideRth=true&barType=Last
-> GET /v1/api//hmds/history?conid=673277361&period=1d&bar=1hrs&outsideRth=true&barType=Last
<- 500 GET /v1/api//hmds/history?conid=673277361&period=1d&bar=1hrs&outsideRth=true&barType=Last
-> request: /v1/api/tickle
-> GET /v1/api/tickle,200|268ms
-> GET /v1/api//tickle
<- 200 GET /v1/api//tickle
-> GET /v1/api/iserver/auth/status
<- 200 GET /v1/api/iserver/auth/status
-> request: /v1/api/tickle
-> GET /v1/api/tickle,200|49ms
-> request: /v1/api/tickle
-> GET /v1/api/tickle,200|113ms
-> request: /v1/api/tickle
-> GET /v1/api//tickle
-> GET /v1/api/tickle,200|51ms
<- 200 GET /v1/api//tickle
-> GET /v1/api/iserver/auth/status
<- 200 GET /v1/api/iserver/auth/status
-> request: /v1/api/tickle
-> GET /v1/api/tickle,200|59ms
-> request: /v1/api/tickle
-> GET /v1/api/tickle,200|62ms
-> GET /v1/api//tickle
<- 200 GET /v1/api//tickle
-> GET /v1/api/iserver/auth/status
<- 200 GET /v1/api/iserver/auth/status
-> request: /v1/api/tickle
-> GET /v1/api/tickle,200|66ms
-> request: /sso/ping
-> GET /sso/ping,200|238ms
-> request: /v1/api/tickle
-> GET /v1/api/tickle,200|65ms
-> GET /v1/api//tickle
<- 200 GET /v1/api//tickle
-> GET /v1/api/iserver/auth/status
<- 200 GET /v1/api/iserver/auth/status
-> request: /v1/api/tickle
-> GET /v1/api/tickle,200|64ms
-> request: /v1/api/tickle
-> GET /v1/api/tickle,200|76ms
-> GET /v1/api//tickle
<- 200 GET /v1/api//tickle
-> GET /v1/api/iserver/auth/status
<- 200 GET /v1/api/iserver/auth/status
-> request: /v1/api/tickle
-> GET /v1/api/tickle,200|115ms
-> request: /v1/api/tickle
-> GET /v1/api/tickle,200|63ms
-> GET /v1/api//tickle
<- 200 GET /v1/api//tickle
-> GET /v1/api/iserver/auth/status
<- 200 GET /v1/api/iserver/auth/status
-> request: /v1/api/tickle
-> GET /v1/api/tickle,200|67ms
-> request: /v1/api/tickle
-> GET /v1/api/tickle,200|61ms
-> GET /v1/api//tickle
<- 200 GET /v1/api//tickle
-> GET /v1/api/iserver/auth/status
<- 200 GET /v1/api/iserver/auth/status
-> request: /v1/api/tickle
-> GET /v1/api/tickle,200|66ms
-> request: /v1/api/tickle
-> GET /v1/api/tickle,200|64ms
-> GET /v1/api//tickle
<- 200 GET /v1/api//tickle
-> GET /v1/api/iserver/auth/status
<- 200 GET /v1/api/iserver/auth/status
-> request: /v1/api/tickle
-> GET /v1/api/tickle,200|59ms
-> request: /sso/ping
-> GET /sso/ping,200|234ms
-> request: /v1/api/tickle
-> GET /v1/api/tickle,200|56ms
-> GET /v1/api//tickle
<- 200 GET /v1/api//tickle
-> GET /v1/api/iserver/auth/status
<- 200 GET /v1/api/iserver/auth/status
-> request: /v1/api/tickle
-> GET /v1/api/tickle,200|329ms
-> request: /v1/api/tickle
-> GET /v1/api/tickle,200|105ms
-> GET /v1/api//tickle
<- 200 GET /v1/api//tickle
-> GET /v1/api/iserver/auth/status
<- 200 GET /v1/api/iserver/auth/status
-> request: /v1/api/tickle
-> GET /v1/api/tickle,200|361ms
-> request: /v1/api/tickle
-> GET /v1/api/tickle,200|65ms
-> GET /v1/api//tickle
<- 200 GET /v1/api//tickle
-> GET /v1/api/iserver/auth/status
<- 200 GET /v1/api/iserver/auth/status
-> request: /v1/api/tickle
-> GET /v1/api/tickle,200|343ms
-> request: /v1/api/tickle
-> GET /v1/api/tickle,200|346ms
-> GET /v1/api//tickle
<- 200 GET /v1/api//tickle
-> GET /v1/api/iserver/auth/status
<- 200 GET /v1/api/iserver/auth/status
-> request: /v1/api/tickle
-> GET /v1/api/tickle,200|357ms
-> request: /v1/api/tickle
-> GET /v1/api/tickle,200|113ms
-> GET /v1/api//tickle
<- 200 GET /v1/api//tickle
-> GET /v1/api/iserver/auth/status
<- 200 GET /v1/api/iserver/auth/status
-> request: /v1/api/tickle
-> GET /v1/api/tickle,200|151ms
-> request: /sso/ping
-> GET /sso/ping,200|225ms
-> request: /v1/api/tickle
-> GET /v1/api/tickle,200|55ms
-> GET /v1/api//tickle
<- 200 GET /v1/api//tickle
-> GET /v1/api/iserver/auth/status
<- 200 GET /v1/api/iserver/auth/status
-> request: /v1/api/tickle
-> GET /v1/api/tickle,200|131ms
-> request: /v1/api/tickle
-> GET /v1/api/tickle,200|61ms
-> GET /v1/api//tickle
<- 200 GET /v1/api//tickle
-> GET /v1/api/iserver/auth/status
<- 200 GET /v1/api/iserver/auth/status
-> request: /v1/api/tickle
-> GET /v1/api/tickle,200|90ms
-> request: /v1/api/tickle
-> GET /v1/api/tickle,200|66ms
-> GET /v1/api//tickle
<- 200 GET /v1/api//tickle
-> GET /v1/api/iserver/auth/status
<- 200 GET /v1/api/iserver/auth/status
-> request: /v1/api/tickle
-> GET /v1/api/tickle,200|58ms
-> request: /v1/api/tickle
-> GET /v1/api/tickle,200|76ms
-> GET /v1/api//tickle
<- 200 GET /v1/api//tickle
-> GET /v1/api/iserver/auth/status
<- 200 GET /v1/api/iserver/auth/status
-> request: /v1/api/tickle
-> GET /v1/api/tickle,200|69ms
-> request: /v1/api/tickle
-> GET /v1/api/tickle,200|203ms
-> GET /v1/api//tickle
<- 200 GET /v1/api//tickle
-> GET /v1/api/iserver/auth/status
<- 200 GET /v1/api/iserver/auth/status
-> request: /v1/api/tickle
-> GET /v1/api/tickle,200|59ms
-> request: /sso/ping
-> GET /sso/ping,200|309ms
-> request: /v1/api/tickle
-> GET /v1/api/tickle,200|57ms
-> GET /v1/api//tickle
<- 200 GET /v1/api//tickle
-> GET /v1/api/iserver/auth/status
<- 200 GET /v1/api/iserver/auth/status
-> request: /v1/api/tickle
-> GET /v1/api/tickle,200|66ms
-> request: /v1/api/tickle
-> GET /v1/api/tickle,200|302ms
-> GET /v1/api//tickle
<- 200 GET /v1/api//tickle
-> GET /v1/api/iserver/auth/status
<- 200 GET /v1/api/iserver/auth/status
-> request: /v1/api/tickle
-> GET /v1/api/tickle,200|56ms
-> request: /v1/api/tickle
-> GET /v1/api/tickle,200|68ms
-> GET /v1/api//tickle
<- 200 GET /v1/api//tickle
-> GET /v1/api/iserver/auth/status
<- 200 GET /v1/api/iserver/auth/status
-> request: /v1/api/tickle
-> GET /v1/api/tickle,200|69ms
-> request: /v1/api/tickle
-> GET /v1/api/tickle,200|73ms
-> GET /v1/api//tickle
<- 200 GET /v1/api//tickle
-> GET /v1/api/iserver/auth/status
<- 200 GET /v1/api/iserver/auth/status
-> request: /v1/api/tickle
-> GET /v1/api/tickle,200|318ms
-> request: /v1/api/tickle
-> GET /v1/api/tickle,200|64ms
-> GET /v1/api//tickle
<- 200 GET /v1/api//tickle
-> GET /v1/api/iserver/auth/status
<- 200 GET /v1/api/iserver/auth/status
-> request: /v1/api/tickle
-> GET /v1/api/tickle,200|58ms
-> request: /sso/ping
-> GET /sso/ping,200|345ms
-> request: /v1/api/tickle
-> GET /v1/api/tickle,200|60ms
-> GET /v1/api//tickle
<- 200 GET /v1/api//tickle
-> GET /v1/api/iserver/auth/status
<- 200 GET /v1/api/iserver/auth/status
-> request: /v1/api/tickle
-> GET /v1/api/tickle,200|86ms
-> request: /v1/api/tickle
-> GET /v1/api/tickle,200|66ms
-> GET /v1/api//tickle
<- 200 GET /v1/api//tickle
-> GET /v1/api/iserver/auth/status
<- 200 GET /v1/api/iserver/auth/status
-> request: /v1/api/tickle
-> GET /v1/api/tickle,200|67ms
-> request: /v1/api/tickle
-> GET /v1/api/tickle,200|75ms
-> GET /v1/api//tickle
<- 200 GET /v1/api//tickle
-> GET /v1/api/iserver/auth/status
<- 200 GET /v1/api/iserver/auth/status
-> request: /v1/api/tickle
-> GET /v1/api/tickle,200|349ms
-> request: /v1/api/tickle
-> GET /v1/api/tickle,200|75ms
-> GET /v1/api//tickle
<- 200 GET /v1/api//tickle
-> GET /v1/api/iserver/auth/status
<- 200 GET /v1/api/iserver/auth/status
-> request: /v1/api/tickle
-> GET /v1/api/tickle,200|63ms
-> request: /v1/api/tickle
-> GET /v1/api/tickle,200|146ms
-> GET /v1/api//tickle
<- 200 GET /v1/api//tickle
-> GET /v1/api/iserver/auth/status
<- 200 GET /v1/api/iserver/auth/status
-> request: /v1/api/tickle
-> GET /v1/api/tickle,200|85ms
-> request: /sso/ping
-> GET /sso/ping,200|283ms
-> request: /v1/api/tickle
-> GET /v1/api/tickle,200|379ms
-> GET /v1/api//tickle
<- 200 GET /v1/api//tickle
-> GET /v1/api/iserver/auth/status
<- 200 GET /v1/api/iserver/auth/status
-> request: /v1/api/tickle
-> GET /v1/api/tickle,200|63ms
-> request: /v1/api/tickle
-> GET /v1/api/tickle,200|71ms
-> GET /v1/api//tickle
<- 200 GET /v1/api//tickle
-> GET /v1/api/iserver/auth/status
<- 200 GET /v1/api/iserver/auth/status
-> request: /v1/api/tickle
-> GET /v1/api/tickle,200|482ms
-> request: /v1/api/tickle
-> GET /v1/api/tickle,200|103ms
-> GET /v1/api//tickle
<- 200 GET /v1/api//tickle
-> GET /v1/api/iserver/auth/status
<- 200 GET /v1/api/iserver/auth/status
-> request: /v1/api/tickle
-> GET /v1/api/tickle,200|89ms
-> request: /v1/api/tickle
-> GET /v1/api/tickle,200|71ms
-> GET /v1/api//tickle
<- 200 GET /v1/api//tickle
-> GET /v1/api/iserver/auth/status
<- 200 GET /v1/api/iserver/auth/status
-> request: /v1/api/tickle
-> GET /v1/api/tickle,200|77ms
-> request: /v1/api/tickle
-> GET /v1/api/tickle,200|64ms
-> GET /v1/api//tickle
<- 200 GET /v1/api//tickle
-> GET /v1/api/iserver/auth/status
<- 200 GET /v1/api/iserver/auth/status
-> request: /v1/api/tickle
-> GET /v1/api/tickle,200|65ms
-> request: /sso/ping
-> GET /sso/ping,200|149ms
-> request: /v1/api/tickle
-> GET /v1/api/tickle,200|90ms
-> GET /v1/api//tickle
<- 200 GET /v1/api//tickle
-> GET /v1/api/iserver/auth/status
<- 200 GET /v1/api/iserver/auth/status
-> request: /v1/api/tickle
-> GET /v1/api/tickle,200|76ms
-> request: /v1/api/tickle
-> GET /v1/api/tickle,200|102ms
-> GET /v1/api//tickle
<- 200 GET /v1/api//tickle
-> GET /v1/api/iserver/auth/status
<- 200 GET /v1/api/iserver/auth/status
-> request: /v1/api/tickle
-> GET /v1/api/tickle,200|93ms
-> request: /v1/api/tickle
-> GET /v1/api/tickle,200|67ms
-> GET /v1/api//tickle
<- 200 GET /v1/api//tickle
-> GET /v1/api/iserver/auth/status
<- 200 GET /v1/api/iserver/auth/status
-> request: /v1/api/tickle
-> GET /v1/api/tickle,200|63ms
-> request: /v1/api/tickle
-> GET /v1/api/tickle,200|103ms
-> GET /v1/api//tickle
<- 200 GET /v1/api//tickle
-> GET /v1/api/iserver/auth/status
<- 200 GET /v1/api/iserver/auth/status
-> request: /v1/api/tickle
-> GET /v1/api/tickle,200|62ms
-> request: /v1/api/tickle
-> GET /v1/api/tickle,200|335ms
-> GET /v1/api//tickle
<- 200 GET /v1/api//tickle
-> GET /v1/api/iserver/auth/status
<- 200 GET /v1/api/iserver/auth/status
-> request: /v1/api/tickle
-> GET /v1/api/tickle,200|61ms
-> request: /sso/ping
-> GET /sso/ping,200|254ms
-> request: /v1/api/tickle
-> GET /v1/api/tickle,200|85ms
-> GET /v1/api//tickle
<- 200 GET /v1/api//tickle
-> GET /v1/api/iserver/auth/status
<- 200 GET /v1/api/iserver/auth/status
-> request: /v1/api/tickle
-> GET /v1/api/tickle,200|345ms
-> request: /v1/api/tickle
-> GET /v1/api/tickle,200|119ms
-> GET /v1/api//tickle
<- 200 GET /v1/api//tickle
-> GET /v1/api/iserver/auth/status
<- 200 GET /v1/api/iserver/auth/status
-> request: /v1/api/tickle
-> GET /v1/api/tickle,200|56ms
-> request: /v1/api/tickle
-> GET /v1/api/tickle,200|356ms
-> GET /v1/api//tickle
<- 200 GET /v1/api//tickle
-> GET /v1/api/iserver/auth/status
<- 200 GET /v1/api/iserver/auth/status
-> request: /v1/api/tickle
-> GET /v1/api/tickle,200|63ms
-> request: /v1/api/tickle
-> GET /v1/api/tickle,200|370ms
-> GET /v1/api//tickle
<- 200 GET /v1/api//tickle
-> GET /v1/api/iserver/auth/status
<- 200 GET /v1/api/iserver/auth/status
-> request: /v1/api/tickle
-> GET /v1/api/tickle,200|176ms
-> request: /v1/api/tickle
-> GET /v1/api/tickle,200|56ms
-> GET /v1/api//tickle
<- 200 GET /v1/api//tickle
-> GET /v1/api/iserver/auth/status
<- 200 GET /v1/api/iserver/auth/status
-> request: /v1/api/tickle
-> GET /v1/api/tickle,200|58ms
-> request: /sso/ping
-> GET /sso/ping,200|141ms
-> request: /v1/api/tickle
-> GET /v1/api/tickle,200|67ms
-> GET /v1/api//tickle
<- 200 GET /v1/api//tickle
-> GET /v1/api/iserver/auth/status
<- 200 GET /v1/api/iserver/auth/status
-> request: /v1/api/tickle
-> GET /v1/api/tickle,200|125ms
-> request: /v1/api/tickle
-> GET /v1/api/tickle,200|55ms
-> GET /v1/api//tickle
<- 200 GET /v1/api//tickle
-> GET /v1/api/iserver/auth/status
<- 200 GET /v1/api/iserver/auth/status
-> request: /v1/api/tickle
-> GET /v1/api/tickle,200|67ms
-> request: /v1/api/tickle
-> GET /v1/api/tickle,200|220ms
-> GET /v1/api//tickle
<- 200 GET /v1/api//tickle
-> GET /v1/api/iserver/auth/status
<- 200 GET /v1/api/iserver/auth/status
-> request: /v1/api/tickle
-> GET /v1/api/tickle,200|60ms
-> request: /v1/api/tickle
-> GET /v1/api/tickle,200|60ms
-> GET /v1/api//tickle
<- 200 GET /v1/api//tickle
-> GET /v1/api/iserver/auth/status
<- 200 GET /v1/api/iserver/auth/status
-> request: /v1/api/tickle
-> GET /v1/api/tickle,200|56ms
-> request: /v1/api/tickle
-> GET /v1/api/tickle,200|56ms
-> GET /v1/api//tickle
<- 200 GET /v1/api//tickle
-> GET /v1/api/iserver/auth/status
<- 200 GET /v1/api/iserver/auth/status
-> request: /v1/api/tickle
-> GET /v1/api/tickle,200|62ms
-> request: /sso/ping
-> GET /sso/ping,200|534ms
-> request: /v1/api/tickle
-> GET /v1/api/tickle,200|315ms
-> GET /v1/api//tickle
<- 200 GET /v1/api//tickle
-> GET /v1/api/iserver/auth/status
<- 200 GET /v1/api/iserver/auth/status
-> request: /v1/api/tickle
-> GET /v1/api/tickle,200|89ms
-> request: /v1/api/tickle
-> GET /v1/api/tickle,200|203ms
-> GET /v1/api//tickle
<- 200 GET /v1/api//tickle
-> GET /v1/api/iserver/auth/status
<- 200 GET /v1/api/iserver/auth/status
-> request: /v1/api/tickle
-> GET /v1/api/tickle,200|87ms
-> request: /v1/api/tickle
-> GET /v1/api/tickle,200|89ms
-> GET /v1/api//tickle
<- 200 GET /v1/api//tickle
-> GET /v1/api/iserver/auth/status
<- 200 GET /v1/api/iserver/auth/status
-> request: /v1/api/tickle
-> GET /v1/api/tickle,200|333ms
-> request: /v1/api/tickle
-> GET /v1/api/tickle,200|176ms
-> GET /v1/api//tickle
<- 200 GET /v1/api//tickle
-> GET /v1/api/iserver/auth/status
<- 200 GET /v1/api/iserver/auth/status
-> request: /v1/api/tickle
-> GET /v1/api/tickle,200|86ms
-> request: /v1/api/tickle
-> GET /v1/api/tickle,200|55ms
-> GET /v1/api//tickle
<- 200 GET /v1/api//tickle
-> GET /v1/api/iserver/auth/status
<- 200 GET /v1/api/iserver/auth/status
-> request: /v1/api/tickle
-> GET /v1/api/tickle,200|78ms
-> request: /sso/ping
-> GET /sso/ping,200|265ms
-> request: /v1/api/tickle
-> GET /v1/api/tickle,200|105ms
-> GET /v1/api//tickle
<- 200 GET /v1/api//tickle
-> GET /v1/api/iserver/auth/status
<- 200 GET /v1/api/iserver/auth/status
-> request: /v1/api/tickle
-> GET /v1/api/tickle,200|69ms
-> request: /v1/api/tickle
-> GET /v1/api/tickle,200|81ms
-> GET /v1/api//tickle
<- 200 GET /v1/api//tickle
-> GET /v1/api/iserver/auth/status
<- 200 GET /v1/api/iserver/auth/status
-> request: /v1/api/tickle
-> GET /v1/api/tickle,200|58ms
-> request: /v1/api/tickle
-> GET /v1/api/tickle,200|70ms
-> GET /v1/api//tickle
<- 200 GET /v1/api//tickle
-> GET /v1/api/iserver/auth/status
<- 200 GET /v1/api/iserver/auth/status
-> request: /v1/api/tickle
-> GET /v1/api/tickle,200|64ms
-> request: /v1/api/tickle
-> GET /v1/api/tickle,200|132ms
-> GET /v1/api//tickle
<- 200 GET /v1/api//tickle
-> GET /v1/api/iserver/auth/status
<- 200 GET /v1/api/iserver/auth/status
-> request: /v1/api/tickle
-> GET /v1/api/tickle,200|70ms
-> request: /v1/api/tickle
-> GET /v1/api/tickle,200|64ms
-> GET /v1/api//tickle
<- 200 GET /v1/api//tickle
-> GET /v1/api/iserver/auth/status
<- 200 GET /v1/api/iserver/auth/status
-> request: /v1/api/tickle
-> GET /v1/api/tickle,200|63ms
-> request: /sso/ping
-> GET /sso/ping,200|163ms
-> request: /v1/api/tickle
-> GET /v1/api/tickle,200|76ms
-> GET /v1/api//tickle
<- 200 GET /v1/api//tickle
-> GET /v1/api/iserver/auth/status
<- 200 GET /v1/api/iserver/auth/status
-> request: /v1/api/tickle
-> GET /v1/api/tickle,200|57ms
-> request: /v1/api/tickle
-> GET /v1/api/tickle,200|64ms
-> GET /v1/api//tickle
<- 200 GET /v1/api//tickle
-> GET /v1/api/iserver/auth/status
<- 200 GET /v1/api/iserver/auth/status
-> request: /v1/api/tickle
-> GET /v1/api/tickle,200|67ms
-> request: /v1/api/tickle
-> GET /v1/api/tickle,200|65ms
-> GET /v1/api//tickle
<- 200 GET /v1/api//tickle
-> GET /v1/api/iserver/auth/status
<- 200 GET /v1/api/iserver/auth/status
-> request: /v1/api/tickle
-> GET /v1/api/tickle,200|59ms
-> request: /v1/api/tickle
-> GET /v1/api/tickle,200|56ms
-> GET /v1/api//tickle
<- 200 GET /v1/api//tickle
-> GET /v1/api/iserver/auth/status
<- 200 GET /v1/api/iserver/auth/status
-> request: /v1/api/tickle
-> GET /v1/api/tickle,200|54ms
-> request: /v1/api/tickle
-> GET /v1/api/tickle,200|55ms
-> GET /v1/api//tickle
<- 200 GET /v1/api//tickle
-> GET /v1/api/iserver/auth/status
<- 200 GET /v1/api/iserver/auth/status
-> request: /v1/api/tickle
-> GET /v1/api/tickle,200|54ms
-> request: /sso/ping
-> GET /sso/ping,200|340ms
-> request: /v1/api/tickle
-> GET /v1/api/tickle,200|61ms
-> GET /v1/api//tickle
<- 200 GET /v1/api//tickle
-> GET /v1/api/iserver/auth/status
<- 200 GET /v1/api/iserver/auth/status
-> request: /v1/api/tickle
-> GET /v1/api/tickle,200|62ms
-> request: /v1/api/tickle
-> GET /v1/api/tickle,200|53ms
-> GET /v1/api//tickle
<- 200 GET /v1/api//tickle
-> GET /v1/api/iserver/auth/status
<- 200 GET /v1/api/iserver/auth/status
-> request: /v1/api/tickle
-> GET /v1/api/tickle,200|75ms
-> request: /v1/api/tickle
-> GET /v1/api/tickle,200|140ms
-> GET /v1/api//tickle
<- 200 GET /v1/api//tickle
-> GET /v1/api/iserver/auth/status
<- 200 GET /v1/api/iserver/auth/status
-> request: /v1/api/tickle
-> GET /v1/api/tickle,200|54ms
-> request: /v1/api/tickle
-> GET /v1/api/tickle,200|70ms
-> GET /v1/api//tickle
<- 200 GET /v1/api//tickle
-> GET /v1/api/iserver/auth/status
<- 200 GET /v1/api/iserver/auth/status
-> request: /v1/api/tickle
-> GET /v1/api/tickle,200|67ms
-> request: /v1/api/tickle
-> GET /v1/api/tickle,200|80ms
-> GET /v1/api//tickle
<- 200 GET /v1/api//tickle
-> GET /v1/api/iserver/auth/status
<- 200 GET /v1/api/iserver/auth/status
-> request: /v1/api/tickle
-> GET /v1/api/tickle,200|63ms
-> request: /sso/ping
-> GET /sso/ping,200|165ms
-> request: /v1/api/tickle
-> GET /v1/api/tickle,200|55ms
-> GET /v1/api//tickle
<- 200 GET /v1/api//tickle
-> GET /v1/api/iserver/auth/status
<- 200 GET /v1/api/iserver/auth/status
-> request: /v1/api/tickle
-> GET /v1/api/tickle,200|84ms
-> GET /v1/api/hmds/history?conid=673277361&period=1d&bar=1hrs&outsideRth=true&barType=Last
<- 500 GET /v1/api/hmds/history?conid=673277361&period=1d&bar=1hrs&outsideRth=true&barType=Last
-> request: /v1/api/tickle
-> GET /v1/api/tickle,200|126ms
-> GET /v1/api/hmds/history?conid=673277361&period=1d&bar=1hrs&outsideRth=true&barType=Last
<- 500 GET /v1/api/hmds/history?conid=673277361&period=1d&bar=1hrs&outsideRth=true&barType=Last
-> GET /v1/api/hmds/history?conid=673277361&period=1d&bar=1hrs&outsideRth=true&barType=Last
<- 500 GET /v1/api/hmds/history?conid=673277361&period=1d&bar=1hrs&outsideRth=true&barType=Last
-> GET /v1/api//tickle
<- 200 GET /v1/api//tickle
-> GET /v1/api/iserver/auth/status
<- 200 GET /v1/api/iserver/auth/status
-> request: /v1/api/tickle
-> GET /v1/api/tickle,200|60ms
-> request: /v1/api/tickle
-> GET /v1/api/tickle,200|80ms
-> GET /v1/api//tickle
<- 200 GET /v1/api//tickle
-> GET /v1/api/iserver/auth/status
<- 200 GET /v1/api/iserver/auth/status
-> request: /v1/api/tickle
-> GET /v1/api/tickle,200|383ms
-> request: /v1/api/tickle
-> GET /v1/api/tickle,200|98ms
-> GET /v1/api//tickle
<- 200 GET /v1/api//tickle
-> GET /v1/api/iserver/auth/status
<- 200 GET /v1/api/iserver/auth/status
-> request: /v1/api/tickle
-> GET /v1/api/tickle,200|72ms
-> request: /v1/api/tickle
-> GET /v1/api/tickle,200|67ms
-> GET /v1/api//tickle
<- 200 GET /v1/api//tickle
-> GET /v1/api/iserver/auth/status
<- 200 GET /v1/api/iserver/auth/status
-> request: /v1/api/tickle
-> GET /v1/api/tickle,200|59ms
-> GET /v1/api/iserver/secdef/info?conid=825711&secType=FUT&month=SEP24&exchange=EUREX
<- 200 GET /v1/api/iserver/secdef/info?conid=825711&secType=FUT&month=SEP24&exchange=EUREX
-> request: /sso/ping
-> GET /sso/ping,200|232ms
-> request: /v1/api/tickle
-> GET /v1/api/tickle,200|69ms
-> GET /v1/api/iserver/secdef/info?conid=825711&secType=FUT&month=SEP24&exchange=EUREX
<- 200 GET /v1/api/iserver/secdef/info?conid=825711&secType=FUT&month=SEP24&exchange=EUREX
-> GET /v1/api/iserver/secdef/info?conid=825711&secType=FUT&month=SEP24&exchange=EUREX
<- 200 GET /v1/api/iserver/secdef/info?conid=825711&secType=FUT&month=SEP24&exchange=EUREX
-> GET /v1/api//tickle
<- 200 GET /v1/api//tickle
-> GET /v1/api/iserver/auth/status
<- 200 GET /v1/api/iserver/auth/status
-> request: /v1/api/tickle
-> GET /v1/api/tickle,200|57ms
-> GET /v1/api/iserver/secdef/info?conid=825711&secType=FUT&month=SEP24&exchange=EUREX
<- 200 GET /v1/api/iserver/secdef/info?conid=825711&secType=FUT&month=SEP24&exchange=EUREX
-> GET /v1/api/iserver/secdef/info?conid=825711&secType=FUT&month=SEP24&exchange=EUREX
<- 200 GET /v1/api/iserver/secdef/info?conid=825711&secType=FUT&month=SEP24&exchange=EUREX
-> GET /v1/api/iserver/secdef/info?conid=825711&secType=FUT&month=SEP24&exchange=EUREX
<- 200 GET /v1/api/iserver/secdef/info?conid=825711&secType=FUT&month=SEP24&exchange=EUREX
-> GET /v1/api/iserver/secdef/info?conid=825711&secType=FUT&month=SEP24&exchange=EUREX
<- 200 GET /v1/api/iserver/secdef/info?conid=825711&secType=FUT&month=SEP24&exchange=EUREX
-> GET /v1/api/iserver/secdef/info?conid=825711&secType=FUT&month=SEP24&exchange=EUREX
<- 200 GET /v1/api/iserver/secdef/info?conid=825711&secType=FUT&month=SEP24&exchange=EUREX
-> GET /v1/api/iserver/secdef/info?conid=825711&secType=FUT&month=SEP24&exchange=EUREX
<- 200 GET /v1/api/iserver/secdef/info?conid=825711&secType=FUT&month=SEP24&exchange=EUREX
-> GET /v1/api/iserver/secdef/info?conid=825711&secType=FUT&month=SEP24&exchange=EUREX
<- 200 GET /v1/api/iserver/secdef/info?conid=825711&secType=FUT&month=SEP24&exchange=EUREX
-> request: /v1/api/tickle
-> GET /v1/api/tickle,200|64ms
-> GET /v1/api/iserver/secdef/info?conid=825711&secType=FUT&month=SEP24&exchange=EUREX
<- 200 GET /v1/api/iserver/secdef/info?conid=825711&secType=FUT&month=SEP24&exchange=EUREX
-> GET /v1/api//tickle
<- 200 GET /v1/api//tickle
-> GET /v1/api/iserver/auth/status
<- 200 GET /v1/api/iserver/auth/status
-> GET /v1/api/iserver/secdef/info?conid=825711&secType=FUT&month=SEP24&exchange=EUREX
<- 200 GET /v1/api/iserver/secdef/info?conid=825711&secType=FUT&month=SEP24&exchange=EUREX
-> request: /v1/api/tickle
-> GET /v1/api/tickle,200|83ms
-> GET /v1/api/iserver/secdef/info?conid=825711&secType=FUT&month=SEP24&exchange=EUREX
<- 200 GET /v1/api/iserver/secdef/info?conid=825711&secType=FUT&month=SEP24&exchange=EUREX
-> GET /v1/api/iserver/secdef/info?conid=825711&secType=FUT&month=SEP24&exchange=EUREX
<- 200 GET /v1/api/iserver/secdef/info?conid=825711&secType=FUT&month=SEP24&exchange=EUREX
-> GET /v1/api/iserver/secdef/info?conid=825711&secType=FUT&month=SEP24&exchange=EUREX
-> request: /v1/api/tickle
-> GET /v1/api/tickle,200|53ms
<- 200 GET /v1/api/iserver/secdef/info?conid=825711&secType=FUT&month=SEP24&exchange=EUREX
-> GET /v1/api//tickle
<- 200 GET /v1/api//tickle
-> GET /v1/api/iserver/auth/status
<- 200 GET /v1/api/iserver/auth/status
-> request: /v1/api/tickle
-> GET /v1/api/tickle,200|51ms
-> GET /v1/api/iserver/secdef/nfo?conid=825711&secType=FUT&month=SEP24&exchange=EUREX
<- 404 GET /v1/api/iserver/secdef/nfo?conid=825711&secType=FUT&month=SEP24&exchange=EUREX
-> GET /v1/api/iserver/secdef/info?conid=825711&secType=FUT&month=SEP24&exchange=EUREX
<- 200 GET /v1/api/iserver/secdef/info?conid=825711&secType=FUT&month=SEP24&exchange=EUREX
-> GET /v1/api/iserver/secdef/info?conid=825711&secType=FUT&month=SEP24&exchange=EUREX
<- 200 GET /v1/api/iserver/secdef/info?conid=825711&secType=FUT&month=SEP24&exchange=EUREX
-> GET /v1/api/iserver/secdef/info?conid=673277361&secType=FUT&month=SEP24&exchange=EUREX
<- 500 GET /v1/api/iserver/secdef/info?conid=673277361&secType=FUT&month=SEP24&exchange=EUREX
-> GET /v1/api/iserver/secdef/info?conid=673277361&secType=FUT&month=SEP24&exchange=EUREX
<- 500 GET /v1/api/iserver/secdef/info?conid=673277361&secType=FUT&month=SEP24&exchange=EUREX
-> GET /v1/api/iserver/secdef/info?conid=825711&secType=FUT&month=SEP24&exchange=EUREX
<- 200 GET /v1/api/iserver/secdef/info?conid=825711&secType=FUT&month=SEP24&exchange=EUREX
-> request: /v1/api/tickle
-> GET /v1/api/tickle,200|53ms
-> GET /v1/api/hmds/history?conid=825711&period=1d&bar=1hrs&outsideRth=true&barType=Last
<- 500 GET /v1/api/hmds/history?conid=825711&period=1d&bar=1hrs&outsideRth=true&barType=Last
-> GET /v1/api/iserver/secdef/info?conid=825711&secType=FUT&month=SEP24&exchange=EUREX
<- 200 GET /v1/api/iserver/secdef/info?conid=825711&secType=FUT&month=SEP24&exchange=EUREX
-> GET /v1/api/iserver/secdef/info?conid=825711&secTpe=FUT&month=SEP24&exchange=EUREX
<- 200 GET /v1/api/iserver/secdef/info?conid=825711&secTpe=FUT&month=SEP24&exchange=EUREX
-> GET /v1/api//tickle
<- 200 GET /v1/api//tickle
-> GET /v1/api/iserver/auth/status
<- 200 GET /v1/api/iserver/auth/status
-> request: /v1/api/tickle
-> GET /v1/api/tickle,200|65ms
-> GET /v1/api/iserver/secdef/info?conid=82571&secTpe=FUT&month=SEP24&exchange=EUREX
<- 500 GET /v1/api/iserver/secdef/info?conid=82571&secTpe=FUT&month=SEP24&exchange=EUREX
-> GET /v1/api/iserver/secdef/info?conid=825711&secTpe=FUT&month=SEP24&exchange=EUREX
<- 200 GET /v1/api/iserver/secdef/info?conid=825711&secTpe=FUT&month=SEP24&exchange=EUREX
-> GET /v1/api/iserver/secdef/info?conid=825711&secType=FUT&month=SEP24&exchange=EUREX
<- 200 GET /v1/api/iserver/secdef/info?conid=825711&secType=FUT&month=SEP24&exchange=EUREX
-> GET /v1/api/iserver/secdef/info?conid=825711&secType=FUT&monh=SEP24&exchange=EUREX
<- 400 GET /v1/api/iserver/secdef/info?conid=825711&secType=FUT&monh=SEP24&exchange=EUREX
-> request: /v1/api/tickle
-> GET /v1/api/tickle,200|55ms
-> GET /v1/api/iserver/secdef/info?conid=825711&secType=FUT&month=SE24&exchange=EUREX
<- 200 GET /v1/api/iserver/secdef/info?conid=825711&secType=FUT&month=SE24&exchange=EUREX
-> GET /v1/api//tickle
<- 200 GET /v1/api//tickle
-> GET /v1/api/iserver/auth/status
<- 200 GET /v1/api/iserver/auth/status
-> GET /v1/api/iserver/secdef/info?conid=825711&secType=FUT&month=SEP24&exchange=EREX
-> request: /v1/api/tickle
-> GET /v1/api/tickle,200|105ms
<- 503 GET /v1/api/iserver/secdef/info?conid=825711&secType=FUT&month=SEP24&exchange=EREX
-> GET /v1/api/iserver/secdef/info?conid=825711&secType=FUT&month=SEP24&exchange=EUREX
<- 200 GET /v1/api/iserver/secdef/info?conid=825711&secType=FUT&month=SEP24&exchange=EUREX
-> request: /sso/ping
-> GET /sso/ping,200|219ms
-> GET /v1/api/iserver/secdef/info?conid=825&secType=FUT&month=SEP24&exchange=EUREX
<- 500 GET /v1/api/iserver/secdef/info?conid=825&secType=FUT&month=SEP24&exchange=EUREX
-> request: /v1/api/tickle
-> GET /v1/api/tickle,200|57ms
-> GET /v1/api/iserver/secdef/info?conid=825711&secType=FUT&month=SEP24&exchange=EUREX
<- 200 GET /v1/api/iserver/secdef/info?conid=825711&secType=FUT&month=SEP24&exchange=EUREX
-> GET /v1/api/hmds/history?conid=825711&period=1d&bar=1hrs&outsideRth=true&barType=Last
<- 500 GET /v1/api/hmds/history?conid=825711&period=1d&bar=1hrs&outsideRth=true&barType=Last
-> GET /v1/api/hmds/history?conid=825711&period=1d&bar=1hrs&outsideRth=true&barType=Last
<- 500 GET /v1/api/hmds/history?conid=825711&period=1d&bar=1hrs&outsideRth=true&barType=Last
-> GET /v1/api//tickle
<- 200 GET /v1/api//tickle
-> GET /v1/api/iserver/auth/status
<- 200 GET /v1/api/iserver/auth/status
-> GET /v1/api/hmds/history?conid=825711&period=1d&bar=1hrs&outsideRth=true&barType=Last
<- 500 GET /v1/api/hmds/history?conid=825711&period=1d&bar=1hrs&outsideRth=true&barType=Last
-> GET /v1/api/iserver/secdef/info?conid=825711&secType=FUT&month=SEP24&exchange=EUREX
<- 200 GET /v1/api/iserver/secdef/info?conid=825711&secType=FUT&month=SEP24&exchange=EUREX
-> request: /v1/api/tickle
-> GET /v1/api/tickle,200|65ms
-> GET /v1/api/iserver/secdef/info?conid=82511&secType=FUT&month=SEP24&exchange=EUREX
<- 500 GET /v1/api/iserver/secdef/info?conid=82511&secType=FUT&month=SEP24&exchange=EUREX
-> GET /v1/api/iserver/secdef/info?cond=825711&secType=FUT&month=SEP24&exchange=EUREX
<- 400 GET /v1/api/iserver/secdef/info?cond=825711&secType=FUT&month=SEP24&exchange=EUREX
-> GET /v1/api/iserver/secdef/info?conid=825711&secType=FUT&month=SEP24&exchange=EUREX
<- 200 GET /v1/api/iserver/secdef/info?conid=825711&secType=FUT&month=SEP24&exchange=EUREX
-> GET /v1/api/hmds/history?conid=825711&period=1d&bar=1hrs&outsideRth=true&barType=Last
<- 500 GET /v1/api/hmds/history?conid=825711&period=1d&bar=1hrs&outsideRth=true&barType=Last
-> request: /v1/api/tickle
-> GET /v1/api/tickle,200|112ms
-> GET /v1/api/hmds/history?conid=8211&period=1d&bar=1hrs&outsideRth=true&barType=Last
<- 500 GET /v1/api/hmds/history?conid=8211&period=1d&bar=1hrs&outsideRth=true&barType=Last
-> GET /v1/api/hmds/history?conid=8211&period=1d&bar=1hrs&outsideRth=true&barType=Last
<- 500 GET /v1/api/hmds/history?conid=8211&period=1d&bar=1hrs&outsideRth=true&barType=Last
-> GET /v1/api//tickle
<- 200 GET /v1/api//tickle
-> GET /v1/api/iserver/auth/status
<- 200 GET /v1/api/iserver/auth/status
-> GET /v1/api/hmds/history?conid=825711&period=1d&bar=1hrs&outsideRth=true&barType=Last
-> request: /v1/api/tickle
<- 500 GET /v1/api/hmds/history?conid=825711&period=1d&bar=1hrs&outsideRth=true&barType=Last
-> GET /v1/api/tickle,200|100ms
-> GET /v1/api/hmds/history?conid=825711&period=1d&bar=1hrs&outsideRth=true&barType=Last
<- 500 GET /v1/api/hmds/history?conid=825711&period=1d&bar=1hrs&outsideRth=true&barType=Last
-> GET /v1/api/hmds/history?conid=825711&period=1d&bar=1hrs&outsideRth=true&barType=Last
<- 500 GET /v1/api/hmds/history?conid=825711&period=1d&bar=1hrs&outsideRth=true&barType=Last
-> request: /v1/api/tickle
-> GET /v1/api/tickle,200|58ms
-> GET /v1/api/hmds/history?conid=825711&period=1d&bar=1hrs&outsideRth=true&barType=Last
<- 500 GET /v1/api/hmds/history?conid=825711&period=1d&bar=1hrs&outsideRth=true&barType=Last
-> GET /v1/api/hm/history?conid=825711&period=1d&bar=1hrs&outsideRth=true&barType=Last
<- 404 GET /v1/api/hm/history?conid=825711&period=1d&bar=1hrs&outsideRth=true&barType=Last
-> GET /v1/api/hmds/histry?conid=825711&period=1d&bar=1hrs&outsideRth=true&barType=Last
<- 404 GET /v1/api/hmds/histry?conid=825711&period=1d&bar=1hrs&outsideRth=true&barType=Last
-> GET /v1/api/hmds/history?conid=825711&period=1d&bar=1hrs&outsideRth=true&barType=Last
<- 500 GET /v1/api/hmds/history?conid=825711&period=1d&bar=1hrs&outsideRth=true&barType=Last
-> GET /v1/api//tickle
<- 200 GET /v1/api//tickle
-> GET /v1/api/iserver/auth/status
<- 200 GET /v1/api/iserver/auth/status
-> GET /v1/api/hmds/history?conid=8257t
<- 400 GET /v1/api/hmds/history?conid=8257t
-> request: /v1/api/tickle
-> GET /v1/api/tickle,200|64ms
-> GET /v1/api/hmds/history?conid=8257
<- 400 GET /v1/api/hmds/history?conid=8257
-> GET /v1/api/hmds/history?conid=3456&period=defr&bar=234
<- 500 GET /v1/api/hmds/history?conid=3456&period=defr&bar=234
-> request: /v1/api/tickle
-> GET /v1/api/tickle,200|60ms
-> GET /v1/api/hmds/history?conid=3456&period=defr&br=234
<- 400 GET /v1/api/hmds/history?conid=3456&period=defr&br=234
-> GET /v1/api//tickle
<- 200 GET /v1/api//tickle
-> GET /v1/api/iserver/auth/status
<- 200 GET /v1/api/iserver/auth/status
-> request: /v1/api/tickle
-> GET /v1/api/tickle,200|68ms
-> request: /v1/api/tickle
-> GET /v1/api/tickle,200|71ms
-> GET /v1/api//tickle
<- 200 GET /v1/api//tickle
-> GET /v1/api/iserver/auth/status
<- 200 GET /v1/api/iserver/auth/status
-> request: /v1/api/tickle
-> GET /v1/api/tickle,200|52ms
-> GET /v1/api/iserver/secdef/info?conid=265598&secType=FUT&month=SEP24&exchange=EUREX
<- 500 GET /v1/api/iserver/secdef/info?conid=265598&secType=FUT&month=SEP24&exchange=EUREX
-> GET /v1/api//iserver/secdef/info?conid=265598&secType=FUT&month=SEP24&exchange=EUREX
<- 500 GET /v1/api//iserver/secdef/info?conid=265598&secType=FUT&month=SEP24&exchange=EUREX
-> request: /sso/ping
-> GET /sso/ping,200|288ms
-> request: /v1/api/tickle
-> GET /v1/api/tickle,200|57ms
-> GET /v1/api//tickle
<- 200 GET /v1/api//tickle
-> GET /v1/api/iserver/auth/status
<- 200 GET /v1/api/iserver/auth/status
-> request: /v1/api/tickle
-> GET /v1/api/tickle,200|72ms
-> GET /v1/api/hmds/history?conid=265598&period=1w&bar=1d
<- 500 GET /v1/api/hmds/history?conid=265598&period=1w&bar=1d
-> request: /v1/api/tickle
-> GET /v1/api/tickle,200|74ms
-> GET /v1/api/iserver/secdef/info?conid=540729681&secType=FUT&month=SEP24&exchange=EUREX
<- 500 GET /v1/api/iserver/secdef/info?conid=540729681&secType=FUT&month=SEP24&exchange=EUREX
-> GET /v1/api//tickle
<- 200 GET /v1/api//tickle
-> GET /v1/api/iserver/auth/status
<- 200 GET /v1/api/iserver/auth/status
-> GET /v1/api/hmds/history?conid=540729681&period=1w&bar=1d
<- 500 GET /v1/api/hmds/history?conid=540729681&period=1w&bar=1d
-> request: /v1/api/tickle
-> GET /v1/api/tickle,200|55ms
-> GET /v1/api/iserver/secdef/info?conid=540729681&secType=FUT&month=SEP24&exchange=EUREX
<- 500 GET /v1/api/iserver/secdef/info?conid=540729681&secType=FUT&month=SEP24&exchange=EUREX
-> request: /v1/api/tickle
-> GET /v1/api/tickle,200|54ms
-> POST /v1/api//iserver/secdef/search
<- 200 POST /v1/api//iserver/secdef/search
-> GET /v1/api//tickle
<- 200 GET /v1/api//tickle
-> GET /v1/api/iserver/auth/status
<- 200 GET /v1/api/iserver/auth/status
-> request: /v1/api/tickle
-> GET /v1/api/tickle,200|51ms
-> request: /v1/api/tickle
-> GET /v1/api/tickle,200|66ms
-> GET /v1/api//iserver/secdef/info?conid=84223567&secType=STK&exchange=MEXI
<- 400 GET /v1/api//iserver/secdef/info?conid=84223567&secType=STK&exchange=MEXI
-> GET /v1/api//tickle
<- 200 GET /v1/api//tickle
-> GET /v1/api/iserver/auth/status
<- 200 GET /v1/api/iserver/auth/status
-> request: /v1/api/tickle
-> GET /v1/api/tickle,200|54ms
-> request: /v1/api/tickle
-> GET /v1/api/tickle,200|76ms
-> GET /v1/api//tickle
<- 200 GET /v1/api//tickle
-> GET /v1/api/iserver/auth/status
<- 200 GET /v1/api/iserver/auth/status
-> request: /v1/api/tickle
-> GET /v1/api/tickle,200|54ms
-> GET /v1/api//iserver/secdef/info?conid=4815747&secType=STK
<- 400 GET /v1/api//iserver/secdef/info?conid=4815747&secType=STK
-> request: /sso/ping
-> GET /sso/ping,200|129ms
-> request: /v1/api/tickle
-> GET /v1/api/tickle,200|277ms
-> GET /v1/api//tickle
<- 200 GET /v1/api//tickle
-> GET /v1/api/iserver/auth/status
<- 200 GET /v1/api/iserver/auth/status
-> request: /v1/api/tickle
-> GET /v1/api/tickle,200|51ms
-> request: /v1/api/tickle
-> GET /v1/api/tickle,200|57ms
-> GET /v1/api//iserver/secdef/info?conid=120549668&secType=CFD&exchange=SMART
<- 500 GET /v1/api//iserver/secdef/info?conid=120549668&secType=CFD&exchange=SMART
-> GET /v1/api//tickle
<- 200 GET /v1/api//tickle
-> GET /v1/api/iserver/auth/status
<- 200 GET /v1/api/iserver/auth/status
-> request: /v1/api/tickle
-> GET /v1/api/tickle,200|81ms
-> request: /v1/api/tickle
-> GET /v1/api/tickle,200|204ms
-> GET /v1/api//tickle
<- 200 GET /v1/api//tickle
-> GET /v1/api/iserver/auth/status
<- 200 GET /v1/api/iserver/auth/status
-> request: /v1/api/tickle
-> GET /v1/api/tickle,200|53ms
-> POST /v1/api//iserver/secdef/search
<- 200 POST /v1/api//iserver/secdef/search
-> request: /v1/api/tickle
-> GET /v1/api/tickle,200|118ms
-> GET /v1/api//tickle
<- 200 GET /v1/api//tickle
-> GET /v1/api/iserver/auth/status
<- 200 GET /v1/api/iserver/auth/status
-> request: /v1/api/tickle
-> GET /v1/api/tickle,200|66ms
-> request: /v1/api/tickle
-> GET /v1/api/tickle,200|108ms
-> GET /v1/api//tickle
<- 200 GET /v1/api//tickle
-> GET /v1/api/iserver/auth/status
<- 200 GET /v1/api/iserver/auth/status
-> request: /v1/api/tickle
-> GET /v1/api/tickle,200|56ms
-> request: /sso/ping
-> GET /sso/ping,200|260ms
-> request: /v1/api/tickle
-> GET /v1/api/tickle,200|60ms
-> GET /v1/api//tickle
<- 200 GET /v1/api//tickle
-> GET /v1/api/iserver/auth/status
<- 200 GET /v1/api/iserver/auth/status
-> request: /v1/api/tickle
-> GET /v1/api/tickle,200|53ms
-> request: /v1/api/tickle
-> GET /v1/api/tickle,200|88ms
-> GET /v1/api//tickle
<- 200 GET /v1/api//tickle
-> GET /v1/api/iserver/auth/status
<- 200 GET /v1/api/iserver/auth/status
-> request: /v1/api/tickle
-> GET /v1/api/tickle,200|67ms
-> request: /v1/api/tickle
-> GET /v1/api/tickle,200|70ms
-> GET /v1/api//tickle
<- 200 GET /v1/api//tickle
-> GET /v1/api/iserver/auth/status
<- 200 GET /v1/api/iserver/auth/status
-> request: /v1/api/tickle
-> GET /v1/api/tickle,200|62ms
-> request: /v1/api/tickle
-> GET /v1/api/tickle,200|85ms
-> GET /v1/api//tickle
<- 200 GET /v1/api//tickle
-> GET /v1/api/iserver/auth/status
<- 200 GET /v1/api/iserver/auth/status
-> request: /v1/api/tickle
-> GET /v1/api/tickle,200|62ms
-> request: /v1/api/tickle
-> GET /v1/api/tickle,200|66ms
-> GET /v1/api//tickle
<- 200 GET /v1/api//tickle
-> GET /v1/api/iserver/auth/status
<- 200 GET /v1/api/iserver/auth/status
-> request: /v1/api/tickle
-> GET /v1/api/tickle,200|58ms
-> request: /sso/ping
-> GET /sso/ping,200|297ms
-> request: /v1/api/tickle
-> GET /v1/api/tickle,200|78ms
-> GET /v1/api//tickle
<- 200 GET /v1/api//tickle
-> GET /v1/api/iserver/auth/status
<- 200 GET /v1/api/iserver/auth/status
-> request: /v1/api/tickle
-> GET /v1/api/tickle,200|50ms
-> request: /v1/api/tickle
-> GET /v1/api/tickle,200|57ms
-> GET /v1/api//tickle
<- 200 GET /v1/api//tickle
-> GET /v1/api/iserver/auth/status
<- 200 GET /v1/api/iserver/auth/status
-> request: /v1/api/tickle
-> GET /v1/api/tickle,200|59ms
-> request: /v1/api/tickle
-> GET /v1/api/tickle,200|56ms
-> GET /v1/api//tickle
<- 200 GET /v1/api//tickle
-> GET /v1/api/iserver/auth/status
<- 200 GET /v1/api/iserver/auth/status
-> request: /v1/api/tickle
-> GET /v1/api/tickle,200|78ms
-> request: /v1/api/tickle
-> GET /v1/api/tickle,200|50ms
-> GET /v1/api//tickle
<- 200 GET /v1/api//tickle
-> GET /v1/api/iserver/auth/status
<- 200 GET /v1/api/iserver/auth/status
-> request: /v1/api/tickle
-> GET /v1/api/tickle,200|55ms
-> request: /v1/api/tickle
-> GET /v1/api/tickle,200|60ms
-> GET /v1/api//tickle
<- 200 GET /v1/api//tickle
-> GET /v1/api/iserver/auth/status
-> request: /v1/api/tickle
<- 200 GET /v1/api/iserver/auth/status
-> GET /v1/api/tickle,200|55ms
-> request: /sso/ping
-> GET /sso/ping,200|439ms
-> request: /v1/api/tickle
-> GET /v1/api/tickle,200|50ms
-> request: /v1/api/tickle
-> GET /v1/api/tickle,200|59ms
-> GET /v1/api//tickle
<- 200 GET /v1/api//tickle
-> GET /v1/api/iserver/auth/status
<- 200 GET /v1/api/iserver/auth/status
-> request: /v1/api/tickle
-> GET /v1/api/tickle,200|52ms
-> request: /v1/api/tickle
-> GET /v1/api/tickle,200|63ms
-> GET /v1/api//tickle
<- 200 GET /v1/api//tickle
-> GET /v1/api/iserver/auth/status
<- 200 GET /v1/api/iserver/auth/status
-> request: /v1/api/tickle
-> GET /v1/api/tickle,200|55ms
-> request: /v1/api/tickle
-> GET /v1/api/tickle,200|49ms
-> GET /v1/api//tickle
<- 200 GET /v1/api//tickle
-> GET /v1/api/iserver/auth/status
<- 200 GET /v1/api/iserver/auth/status
-> request: /v1/api/tickle
-> GET /v1/api/tickle,200|57ms
-> request: /v1/api/tickle
-> GET /v1/api/tickle,200|52ms
-> GET /v1/api//tickle
<- 200 GET /v1/api//tickle
-> GET /v1/api/iserver/auth/status
<- 200 GET /v1/api/iserver/auth/status
-> request: /v1/api/tickle
-> GET /v1/api/tickle,200|66ms
-> request: /v1/api/tickle
-> GET /v1/api/tickle,200|54ms
-> GET /v1/api//tickle
<- 200 GET /v1/api//tickle
-> GET /v1/api/iserver/auth/status
<- 200 GET /v1/api/iserver/auth/status
-> request: /sso/ping
-> GET /sso/ping,200|267ms
-> request: /v1/api/tickle
-> GET /v1/api/tickle,200|152ms
-> request: /v1/api/tickle
-> GET /v1/api/tickle,200|77ms
-> GET /v1/api//tickle
<- 200 GET /v1/api//tickle
-> GET /v1/api/iserver/auth/status
<- 200 GET /v1/api/iserver/auth/status
-> request: /v1/api/tickle
-> GET /v1/api/tickle,200|61ms
-> request: /v1/api/tickle
-> GET /v1/api/tickle,200|55ms
-> GET /v1/api//tickle
<- 200 GET /v1/api//tickle
-> GET /v1/api/iserver/auth/status
<- 200 GET /v1/api/iserver/auth/status
-> request: /v1/api/tickle
-> GET /v1/api/tickle,200|66ms
-> request: /v1/api/tickle
-> GET /v1/api/tickle,200|376ms
-> GET /v1/api//tickle
<- 200 GET /v1/api//tickle
-> GET /v1/api/iserver/auth/status
<- 200 GET /v1/api/iserver/auth/status
-> request: /v1/api/tickle
-> GET /v1/api/tickle,200|56ms
-> request: /v1/api/tickle
-> GET /v1/api/tickle,200|52ms
-> GET /v1/api//tickle
<- 200 GET /v1/api//tickle
-> GET /v1/api/iserver/auth/status
<- 200 GET /v1/api/iserver/auth/status
-> request: /v1/api/tickle
-> GET /v1/api/tickle,200|63ms
-> request: /v1/api/tickle
-> GET /v1/api/tickle,200|53ms
-> GET /v1/api//tickle
<- 200 GET /v1/api//tickle
-> GET /v1/api/iserver/auth/status
<- 200 GET /v1/api/iserver/auth/status
-> request: /sso/ping
-> GET /sso/ping,200|232ms
-> request: /v1/api/tickle
-> GET /v1/api/tickle,200|58ms
-> request: /v1/api/tickle
-> GET /v1/api/tickle,200|56ms
-> GET /v1/api//tickle
<- 200 GET /v1/api//tickle
-> GET /v1/api/iserver/auth/status
<- 200 GET /v1/api/iserver/auth/status
-> request: /v1/api/tickle
-> GET /v1/api/tickle,200|345ms
-> request: /v1/api/tickle
-> GET /v1/api/tickle,200|63ms
-> GET /v1/api//tickle
<- 200 GET /v1/api//tickle
-> GET /v1/api/iserver/auth/status
<- 200 GET /v1/api/iserver/auth/status
-> request: /v1/api/tickle
-> GET /v1/api/tickle,200|63ms
-> request: /v1/api/tickle
-> GET /v1/api/tickle,200|59ms
-> GET /v1/api//tickle
<- 200 GET /v1/api//tickle
-> GET /v1/api/iserver/auth/status
<- 200 GET /v1/api/iserver/auth/status
-> request: /v1/api/tickle
-> GET /v1/api/tickle,200|107ms
-> request: /v1/api/tickle
-> GET /v1/api/tickle,200|58ms
-> GET /v1/api//tickle
<- 200 GET /v1/api//tickle
-> GET /v1/api/iserver/auth/status
<- 200 GET /v1/api/iserver/auth/status
-> request: /v1/api/tickle
-> GET /v1/api/tickle,200|80ms
-> request: /v1/api/tickle
-> GET /v1/api/tickle,200|70ms
-> GET /v1/api//tickle
<- 200 GET /v1/api//tickle
-> GET /v1/api/iserver/auth/status
<- 200 GET /v1/api/iserver/auth/status
-> request: /sso/ping
-> GET /sso/ping,200|344ms
-> request: /v1/api/tickle
-> GET /v1/api/tickle,200|54ms
-> request: /v1/api/tickle
-> GET /v1/api/tickle,200|58ms
-> GET /v1/api//tickle
<- 200 GET /v1/api//tickle
-> GET /v1/api/iserver/auth/status
<- 200 GET /v1/api/iserver/auth/status
-> request: /v1/api/tickle
-> GET /v1/api/tickle,200|103ms
-> request: /v1/api/tickle
-> GET /v1/api/tickle,200|54ms
-> GET /v1/api//tickle
<- 200 GET /v1/api//tickle
-> GET /v1/api/iserver/auth/status
<- 200 GET /v1/api/iserver/auth/status
-> request: /v1/api/tickle
-> GET /v1/api/tickle,200|55ms
-> request: /v1/api/tickle
-> GET /v1/api/tickle,200|349ms
-> GET /v1/api//tickle
<- 200 GET /v1/api//tickle
-> GET /v1/api/iserver/auth/status
<- 200 GET /v1/api/iserver/auth/status
-> request: /v1/api/tickle
-> GET /v1/api/tickle,200|55ms
-> request: /v1/api/tickle
-> GET /v1/api/tickle,200|55ms
-> GET /v1/api//tickle
<- 200 GET /v1/api//tickle
-> GET /v1/api/iserver/auth/status
<- 200 GET /v1/api/iserver/auth/status
-> request: /v1/api/tickle
-> GET /v1/api/tickle,200|60ms
-> request: /v1/api/tickle
-> GET /v1/api/tickle,200|59ms
-> GET /v1/api//tickle
<- 200 GET /v1/api//tickle
-> GET /v1/api/iserver/auth/status
<- 200 GET /v1/api/iserver/auth/status
-> request: /sso/ping
-> GET /sso/ping,200|231ms
-> request: /v1/api/tickle
-> GET /v1/api/tickle,200|472ms
-> request: /v1/api/tickle
-> GET /v1/api/tickle,200|58ms
-> GET /v1/api//tickle
<- 200 GET /v1/api//tickle
-> GET /v1/api/iserver/auth/status
<- 200 GET /v1/api/iserver/auth/status
-> request: /v1/api/tickle
-> GET /v1/api/tickle,200|89ms
-> request: /v1/api/tickle
-> GET /v1/api/tickle,200|73ms
-> GET /v1/api//tickle
<- 200 GET /v1/api//tickle
-> GET /v1/api/iserver/auth/status
<- 200 GET /v1/api/iserver/auth/status
-> request: /v1/api/tickle
-> GET /v1/api/tickle,200|99ms
-> request: /v1/api/tickle
-> GET /v1/api/tickle,200|55ms
-> GET /v1/api//tickle
<- 200 GET /v1/api//tickle
-> GET /v1/api/iserver/auth/status
<- 200 GET /v1/api/iserver/auth/status
-> request: /v1/api/tickle
-> GET /v1/api/tickle,200|65ms
-> request: /v1/api/tickle
-> GET /v1/api/tickle,200|64ms
-> GET /v1/api//tickle
<- 200 GET /v1/api//tickle
-> GET /v1/api/iserver/auth/status
<- 200 GET /v1/api/iserver/auth/status
-> request: /v1/api/tickle
-> GET /v1/api/tickle,200|49ms
-> request: /v1/api/tickle
-> GET /v1/api/tickle,200|60ms
-> GET /v1/api//tickle
<- 200 GET /v1/api//tickle
-> GET /v1/api/iserver/auth/status
<- 200 GET /v1/api/iserver/auth/status
-> request: /sso/ping
-> GET /sso/ping,200|217ms
-> request: /v1/api/tickle
-> GET /v1/api/tickle,200|58ms
-> request: /v1/api/tickle
-> GET /v1/api/tickle,200|61ms
-> GET /v1/api//tickle
<- 200 GET /v1/api//tickle
-> GET /v1/api/iserver/auth/status
<- 200 GET /v1/api/iserver/auth/status
-> request: /v1/api/tickle
-> GET /v1/api/tickle,200|81ms
-> request: /v1/api/tickle
-> GET /v1/api/tickle,200|48ms
-> GET /v1/api//tickle
<- 200 GET /v1/api//tickle
-> GET /v1/api/iserver/auth/status
<- 200 GET /v1/api/iserver/auth/status
-> request: /v1/api/tickle
-> GET /v1/api/tickle,200|64ms
-> request: /v1/api/tickle
-> GET /v1/api/tickle,200|48ms
-> GET /v1/api//tickle
<- 200 GET /v1/api//tickle
-> GET /v1/api/iserver/auth/status
<- 200 GET /v1/api/iserver/auth/status
-> request: /v1/api/tickle
-> GET /v1/api/tickle,200|72ms
-> request: /v1/api/tickle
-> GET /v1/api/tickle,200|86ms
-> GET /v1/api//tickle
<- 200 GET /v1/api//tickle
-> GET /v1/api/iserver/auth/status
<- 200 GET /v1/api/iserver/auth/status
-> request: /v1/api/tickle
-> GET /v1/api/tickle,200|78ms
-> request: /v1/api/tickle
-> GET /v1/api/tickle,200|78ms
-> GET /v1/api//tickle
<- 200 GET /v1/api//tickle
-> GET /v1/api/iserver/auth/status
<- 200 GET /v1/api/iserver/auth/status
-> request: /sso/ping
-> GET /sso/ping,200|293ms
-> request: /v1/api/tickle
-> GET /v1/api/tickle,200|155ms
-> request: /v1/api/tickle
-> GET /v1/api/tickle,200|80ms
-> GET /v1/api//tickle
<- 200 GET /v1/api//tickle
-> GET /v1/api/iserver/auth/status
<- 200 GET /v1/api/iserver/auth/status
-> request: /v1/api/tickle
-> GET /v1/api/tickle,200|55ms
-> request: /v1/api/tickle
-> GET /v1/api/tickle,200|63ms
-> GET /v1/api//tickle
<- 200 GET /v1/api//tickle
-> GET /v1/api/iserver/auth/status
<- 200 GET /v1/api/iserver/auth/status
-> request: /v1/api/tickle
-> GET /v1/api/tickle,200|60ms
-> request: /v1/api/tickle
-> GET /v1/api/tickle,200|56ms
-> GET /v1/api//tickle
<- 200 GET /v1/api//tickle
-> GET /v1/api/iserver/auth/status
<- 200 GET /v1/api/iserver/auth/status
-> request: /v1/api/tickle
-> GET /v1/api/tickle,200|57ms
-> request: /v1/api/tickle
-> GET /v1/api/tickle,200|367ms
-> GET /v1/api//tickle
<- 200 GET /v1/api//tickle
-> GET /v1/api/iserver/auth/status
<- 200 GET /v1/api/iserver/auth/status
-> request: /v1/api/tickle
-> GET /v1/api/tickle,200|53ms
-> request: /v1/api/tickle
-> GET /v1/api/tickle,200|56ms
-> GET /v1/api//tickle
<- 200 GET /v1/api//tickle
-> GET /v1/api/iserver/auth/status
<- 200 GET /v1/api/iserver/auth/status
-> request: /sso/ping
-> GET /sso/ping,200|333ms
-> request: /v1/api/tickle
-> GET /v1/api/tickle,200|53ms
-> request: /v1/api/tickle
-> GET /v1/api/tickle,200|281ms
-> GET /v1/api//tickle
<- 200 GET /v1/api//tickle
-> GET /v1/api/iserver/auth/status
<- 200 GET /v1/api/iserver/auth/status
-> request: /v1/api/tickle
-> GET /v1/api/tickle,200|58ms
-> request: /v1/api/tickle
-> GET /v1/api/tickle,200|60ms
-> GET /v1/api//tickle
<- 200 GET /v1/api//tickle
-> GET /v1/api/iserver/auth/status
<- 200 GET /v1/api/iserver/auth/status
-> request: /v1/api/tickle
-> GET /v1/api/tickle,200|111ms
-> request: /v1/api/tickle
-> GET /v1/api/tickle,200|80ms
-> GET /v1/api//tickle
<- 200 GET /v1/api//tickle
-> GET /v1/api/iserver/auth/status
<- 200 GET /v1/api/iserver/auth/status
-> request: /v1/api/tickle
-> GET /v1/api/tickle,200|56ms
-> request: /v1/api/tickle
-> GET /v1/api/tickle,200|64ms
-> GET /v1/api//tickle
<- 200 GET /v1/api//tickle
-> GET /v1/api/iserver/auth/status
<- 200 GET /v1/api/iserver/auth/status
-> request: /v1/api/tickle
-> GET /v1/api/tickle,200|58ms
-> request: /v1/api/tickle
-> GET /v1/api/tickle,200|92ms
-> GET /v1/api//tickle
<- 200 GET /v1/api//tickle
-> GET /v1/api/iserver/auth/status
<- 200 GET /v1/api/iserver/auth/status
-> request: /sso/ping
-> GET /sso/ping,200|227ms
-> request: /v1/api/tickle
-> GET /v1/api/tickle,200|58ms
-> request: /v1/api/tickle
-> GET /v1/api/tickle,200|318ms
-> GET /v1/api//tickle
<- 200 GET /v1/api//tickle
-> GET /v1/api/iserver/auth/status
<- 200 GET /v1/api/iserver/auth/status
-> request: /v1/api/tickle
-> GET /v1/api/tickle,200|69ms
-> request: /v1/api/tickle
-> GET /v1/api/tickle,200|52ms
-> GET /v1/api//tickle
<- 200 GET /v1/api//tickle
-> GET /v1/api/iserver/auth/status
<- 200 GET /v1/api/iserver/auth/status
-> request: /v1/api/tickle
-> GET /v1/api/tickle,200|54ms
-> request: /v1/api/tickle
-> GET /v1/api/tickle,200|101ms
-> GET /v1/api//tickle
<- 200 GET /v1/api//tickle
-> GET /v1/api/iserver/auth/status
<- 200 GET /v1/api/iserver/auth/status
-> request: /v1/api/tickle
-> GET /v1/api/tickle,200|52ms
-> request: /v1/api/tickle
-> GET /v1/api/tickle,200|157ms
-> GET /v1/api//tickle
<- 200 GET /v1/api//tickle
-> GET /v1/api/iserver/auth/status
<- 200 GET /v1/api/iserver/auth/status
-> request: /v1/api/tickle
-> GET /v1/api/tickle,200|62ms
-> request: /v1/api/tickle
-> GET /v1/api/tickle,200|54ms
-> GET /v1/api//tickle
<- 200 GET /v1/api//tickle
-> GET /v1/api/iserver/auth/status
<- 200 GET /v1/api/iserver/auth/status
-> request: /sso/ping
-> GET /sso/ping,200|331ms
-> request: /v1/api/tickle
-> GET /v1/api/tickle,200|91ms
-> request: /v1/api/tickle
-> GET /v1/api/tickle,200|118ms
-> GET /v1/api//tickle
<- 200 GET /v1/api//tickle
-> GET /v1/api/iserver/auth/status
<- 200 GET /v1/api/iserver/auth/status
-> request: /v1/api/tickle
-> GET /v1/api/tickle,200|61ms
-> request: /v1/api/tickle
-> GET /v1/api/tickle,200|51ms
-> GET /v1/api//tickle
<- 200 GET /v1/api//tickle
-> GET /v1/api/iserver/auth/status
<- 200 GET /v1/api/iserver/auth/status
-> request: /v1/api/tickle
-> GET /v1/api/tickle,200|99ms
-> request: /v1/api/tickle
-> GET /v1/api/tickle,200|54ms
-> GET /v1/api//tickle
<- 200 GET /v1/api//tickle
-> GET /v1/api/iserver/auth/status
<- 200 GET /v1/api/iserver/auth/status
-> request: /v1/api/tickle
-> GET /v1/api/tickle,200|56ms
-> request: /v1/api/tickle
-> GET /v1/api/tickle,200|52ms
-> GET /v1/api//tickle
<- 200 GET /v1/api//tickle
-> GET /v1/api/iserver/auth/status
<- 200 GET /v1/api/iserver/auth/status
-> request: /v1/api/tickle
-> GET /v1/api/tickle,200|64ms
-> request: /v1/api/tickle
-> GET /v1/api/tickle,200|65ms
-> GET /v1/api//tickle
<- 200 GET /v1/api//tickle
-> GET /v1/api/iserver/auth/status
<- 200 GET /v1/api/iserver/auth/status
-> request: /sso/ping
-> GET /sso/ping,200|304ms
-> request: /v1/api/tickle
-> GET /v1/api/tickle,200|68ms
-> request: /v1/api/tickle
-> GET /v1/api/tickle,200|69ms
-> GET /v1/api//tickle
<- 200 GET /v1/api//tickle
-> GET /v1/api/iserver/auth/status
<- 200 GET /v1/api/iserver/auth/status
-> request: /v1/api/tickle
-> GET /v1/api/tickle,200|73ms
-> request: /v1/api/tickle
-> GET /v1/api/tickle,200|74ms
-> GET /v1/api//tickle
<- 200 GET /v1/api//tickle
-> GET /v1/api/iserver/auth/status
<- 200 GET /v1/api/iserver/auth/status
-> request: /v1/api/tickle
-> GET /v1/api/tickle,200|59ms
-> request: /v1/api/tickle
-> GET /v1/api/tickle,200|60ms
-> GET /v1/api//tickle
<- 200 GET /v1/api//tickle
-> GET /v1/api/iserver/auth/status
<- 200 GET /v1/api/iserver/auth/status
-> request: /v1/api/tickle
-> GET /v1/api/tickle,200|62ms
-> request: /v1/api/tickle
-> GET /v1/api/tickle,200|73ms
-> GET /v1/api//tickle
<- 200 GET /v1/api//tickle
-> GET /v1/api/iserver/auth/status
<- 200 GET /v1/api/iserver/auth/status
-> request: /v1/api/tickle
-> GET /v1/api/tickle,200|56ms
